<?xml version="1.0" encoding="UTF-8"?>
<checkstyle version="8.45.1">
<file name="D:\OneDrive\桌面\Object-Oriented-Programming\cw1\cwk1files\cwk1\src\test\java\BasicTests.java">
<error line="23" column="3" severity="warning" message="每一个变量的定义必须在它的声明处，且在同一行。" source="com.puppycrawl.tools.checkstyle.checks.coding.MultipleVariableDeclarationsCheck"/>
<error line="24" column="3" severity="warning" message="每一个变量的定义必须在它的声明处，且在同一行。" source="com.puppycrawl.tools.checkstyle.checks.coding.MultipleVariableDeclarationsCheck"/>
<error line="25" column="3" severity="warning" message="每一个变量的定义必须在它的声明处，且在同一行。" source="com.puppycrawl.tools.checkstyle.checks.coding.MultipleVariableDeclarationsCheck"/>
<error line="162" severity="warning" message="本行字符数 101个，最多：100个。" source="com.puppycrawl.tools.checkstyle.checks.sizes.LineLengthCheck"/>
</file>
<file name="D:\OneDrive\桌面\Object-Oriented-Programming\cw1\cwk1files\cwk1\src\test\java\FullTests.java">
<error line="9" column="15" severity="warning" message="无用导入 - org.junit.jupiter.api.Assertions.assertAll 。" source="com.puppycrawl.tools.checkstyle.checks.imports.UnusedImportsCheck"/>
<error line="19" column="3" severity="warning" message="每一个变量的定义必须在它的声明处，且在同一行。" source="com.puppycrawl.tools.checkstyle.checks.coding.MultipleVariableDeclarationsCheck"/>
<error line="20" column="3" severity="warning" message="每一个变量的定义必须在它的声明处，且在同一行。" source="com.puppycrawl.tools.checkstyle.checks.coding.MultipleVariableDeclarationsCheck"/>
<error line="21" column="3" severity="warning" message="每一个变量的定义必须在它的声明处，且在同一行。" source="com.puppycrawl.tools.checkstyle.checks.coding.MultipleVariableDeclarationsCheck"/>
</file>
</checkstyle>
